c:\users\alan.bittencourt\documents\projects\personal\bitengine\bitengine\x64\debug\vc143.pdb
c:\users\alan.bittencourt\documents\projects\personal\bitengine\bitengine\x64\debug\vc143.idb
c:\users\alan.bittencourt\documents\projects\personal\bitengine\bitengine\x64\debug\bitengine.obj
c:\users\alan.bittencourt\documents\projects\personal\bitengine\bitengine\x64\debug\bitengine.res
c:\users\alan.bittencourt\documents\projects\personal\bitengine\x64\debug\bitengine.pdb
c:\users\alan.bittencourt\documents\projects\personal\bitengine\bitengine\x64\debug\bitengine.tlog\cl.command.1.tlog
c:\users\alan.bittencourt\documents\projects\personal\bitengine\bitengine\x64\debug\bitengine.tlog\cl.items.tlog
c:\users\alan.bittencourt\documents\projects\personal\bitengine\bitengine\x64\debug\bitengine.tlog\cl.read.1.tlog
c:\users\alan.bittencourt\documents\projects\personal\bitengine\bitengine\x64\debug\bitengine.tlog\cl.write.1.tlog
c:\users\alan.bittencourt\documents\projects\personal\bitengine\bitengine\x64\debug\bitengine.tlog\link-cvtres.read.1.tlog
c:\users\alan.bittencourt\documents\projects\personal\bitengine\bitengine\x64\debug\bitengine.tlog\link-cvtres.write.1.tlog
c:\users\alan.bittencourt\documents\projects\personal\bitengine\bitengine\x64\debug\bitengine.tlog\link-rc.read.1.tlog
c:\users\alan.bittencourt\documents\projects\personal\bitengine\bitengine\x64\debug\bitengine.tlog\link-rc.write.1.tlog
c:\users\alan.bittencourt\documents\projects\personal\bitengine\bitengine\x64\debug\bitengine.tlog\link.55320-cvtres.read.1.tlog
c:\users\alan.bittencourt\documents\projects\personal\bitengine\bitengine\x64\debug\bitengine.tlog\link.55320-cvtres.write.1.tlog
c:\users\alan.bittencourt\documents\projects\personal\bitengine\bitengine\x64\debug\bitengine.tlog\link.55320-rc.read.1.tlog
c:\users\alan.bittencourt\documents\projects\personal\bitengine\bitengine\x64\debug\bitengine.tlog\link.55320-rc.write.1.tlog
c:\users\alan.bittencourt\documents\projects\personal\bitengine\bitengine\x64\debug\bitengine.tlog\link.55320.read.1.tlog
c:\users\alan.bittencourt\documents\projects\personal\bitengine\bitengine\x64\debug\bitengine.tlog\link.55320.read.2.tlog
c:\users\alan.bittencourt\documents\projects\personal\bitengine\bitengine\x64\debug\bitengine.tlog\link.55320.write.1.tlog
c:\users\alan.bittencourt\documents\projects\personal\bitengine\bitengine\x64\debug\bitengine.tlog\link.command.1.tlog
c:\users\alan.bittencourt\documents\projects\personal\bitengine\bitengine\x64\debug\bitengine.tlog\link.read.1.tlog
c:\users\alan.bittencourt\documents\projects\personal\bitengine\bitengine\x64\debug\bitengine.tlog\link.read.2.tlog
c:\users\alan.bittencourt\documents\projects\personal\bitengine\bitengine\x64\debug\bitengine.tlog\link.write.1.tlog
c:\users\alan.bittencourt\documents\projects\personal\bitengine\bitengine\x64\debug\bitengine.tlog\rc.command.1.tlog
c:\users\alan.bittencourt\documents\projects\personal\bitengine\bitengine\x64\debug\bitengine.tlog\rc.read.1.tlog
c:\users\alan.bittencourt\documents\projects\personal\bitengine\bitengine\x64\debug\bitengine.tlog\rc.write.1.tlog
